<?xml version="1.0" encoding="UTF-8"?>
<!-- Generated by org.testng.reporters.JUnitXMLReporter -->
<testsuite hostname="BGL-MARKO-PETRO" name="TrainingMarko" tests="7" failures="0" timestamp="2 Oct 2019 06:54:11 GMT" time="84.724" errors="0">
  <testcase name="doubleClick" time="1.162" classname="tests.widgets.DoubleClick"/>
  <testcase name="dragAndDrop" time="1.081" classname="tests.interaction.DragAndDrop"/>
  <testcase name="draggable" time="1.048" classname="tests.interaction.Draggable"/>
  <testcase name="htmlTest" time="2.183" classname="tests.widgets.HTMLTest"/>
  <testcase name="keyboardEventsTest" time="0.664" classname="tests.widgets.KeyboardEventsTest"/>
  <testcase name="keyboardTest" time="0.957" classname="tests.widgets.KeyboardFormTest"/>
  <testcase name="switchWindowsTest" time="2.692" classname="tests.widgets.SwitchWindowTest"/>
</testsuite> <!-- TrainingMarko -->
