<?xml version="1.0" encoding="UTF-8"?>
<!-- Generated by org.testng.reporters.JUnitXMLReporter -->
<testsuite hostname="BGL-MARKO-PETRO" name="TrainingMarko" tests="7" failures="1" timestamp="2 Oct 2019 06:43:17 GMT" time="90.691" errors="0">
  <testcase name="doubleClick" time="1.242" classname="tests.widgets.DoubleClick">
    <failure type="java.lang.AssertionError" message="expected [true] but found [false]">
      <![CDATA[java.lang.AssertionError: expected [true] but found [false]
	at pages.common.PopupAlert.popup(PopupAlert.java:17)
	at tests.widgets.DoubleClick.doubleClick(DoubleClick.java:22)
... Removed 27 stack frames]]>
    </failure>
  </testcase> <!-- doubleClick -->
  <testcase name="dragAndDrop" time="1.065" classname="tests.interaction.DragAndDrop"/>
  <testcase name="draggable" time="1.043" classname="tests.interaction.Draggable"/>
  <testcase name="htmlTest" time="3.096" classname="tests.widgets.HTMLTest"/>
  <testcase name="keyboardEventsTest" time="0.682" classname="tests.widgets.KeyboardEventsTest"/>
  <testcase name="keyboardTest" time="0.807" classname="tests.widgets.KeyboardFormTest"/>
  <testcase name="switchWindowsTest" time="2.632" classname="tests.widgets.SwitchWindowTest"/>
</testsuite> <!-- TrainingMarko -->
