<?xml version="1.0" encoding="UTF-8"?>
<testng-results skipped="0" failed="0" total="1" passed="1">
  <reporter-output>
  </reporter-output>
  <suite name="Default Suite" duration-ms="10216" started-at="2019-09-23T13:16:04Z" finished-at="2019-09-23T13:16:15Z">
    <groups>
    </groups>
    <test name="MarkoSelenium" duration-ms="10216" started-at="2019-09-23T13:16:04Z" finished-at="2019-09-23T13:16:15Z">
      <class name="tests.HTMLTest">
        <test-method status="PASS" signature="startBrowser()[pri:0, instance:tests.HTMLTest@35bbe5e8]" name="startBrowser" is-config="true" duration-ms="8405" started-at="2019-09-23T15:16:04Z" finished-at="2019-09-23T15:16:13Z">
          <reporter-output>
          </reporter-output>
        </test-method> <!-- startBrowser -->
        <test-method status="PASS" signature="htmlTest()[pri:0, instance:tests.HTMLTest@35bbe5e8]" name="htmlTest" duration-ms="1797" started-at="2019-09-23T15:16:13Z" finished-at="2019-09-23T15:16:15Z">
          <reporter-output>
          </reporter-output>
        </test-method> <!-- htmlTest -->
        <test-method status="PASS" signature="quitBrowser()[pri:0, instance:tests.HTMLTest@35bbe5e8]" name="quitBrowser" is-config="true" duration-ms="1" started-at="2019-09-23T15:16:15Z" finished-at="2019-09-23T15:16:15Z">
          <reporter-output>
          </reporter-output>
        </test-method> <!-- quitBrowser -->
      </class> <!-- tests.HTMLTest -->
    </test> <!-- MarkoSelenium -->
  </suite> <!-- Default Suite -->
</testng-results>
